<?xml version="1.0" encoding="UTF-8"?>
<!-- Generated by org.testng.reporters.JUnitXMLReporter -->
<testsuite hostname="INCTN249" name="Default test" tests="6" failures="0" timestamp="20 Aug 2018 07:45:39 GMT" time="218.849" errors="0">
  <testcase name="testcase1" time="24.249" classname="TestNG.ZP_scripts"/>
  <testcase name="testcase2" time="77.564" classname="TestNG.ZP_scripts"/>
  <testcase name="testcase3" time="19.841" classname="TestNG.ZP_scripts"/>
  <testcase name="testcase4" time="24.071" classname="TestNG.ZP_scripts"/>
  <testcase name="testcase5" time="24.782" classname="TestNG.ZP_scripts"/>
  <testcase name="testcase6" time="29.301" classname="TestNG.ZP_scripts"/>
</testsuite> <!-- Default test -->
