<?xml version="1.0" encoding="UTF-8"?>
<!-- Generated by org.testng.reporters.JUnitXMLReporter -->
<testsuite hostname="INCTN249" name="Test" tests="1" failures="0" timestamp="20 Aug 2018 13:55:53 GMT" time="0.078" errors="0">
  <testcase name="@BeforeMethod openbrowser" time="0.0" classname="TestNG.Sample">
    <failure type="java.lang.NoSuchMethodError" message="com.google.common.base.Preconditions.checkState(ZLjava/lang/String;Ljava/lang/Object;Ljava/lang/Object;Ljava/lang/Object;)V">
      <![CDATA[java.lang.NoSuchMethodError: com.google.common.base.Preconditions.checkState(ZLjava/lang/String;Ljava/lang/Object;Ljava/lang/Object;Ljava/lang/Object;)V
	at org.openqa.selenium.remote.service.DriverService.findExecutable(DriverService.java:124)
	at org.openqa.selenium.chrome.ChromeDriverService.access$000(ChromeDriverService.java:33)
	at org.openqa.selenium.chrome.ChromeDriverService$Builder.findDefaultExecutable(ChromeDriverService.java:139)
	at org.openqa.selenium.remote.service.DriverService$Builder.build(DriverService.java:335)
	at org.openqa.selenium.chrome.ChromeDriverService.createDefaultService(ChromeDriverService.java:89)
	at org.openqa.selenium.chrome.ChromeDriver.<init>(ChromeDriver.java:123)
	at TestNG.Sample.openbrowser(Sample.java:15)
... Removed 25 stack frames]]>
    </failure>
  </testcase> <!-- @BeforeMethod openbrowser -->
  <testcase name="open" time="0.0" classname="TestNG.Sample">
    <skipped/>
  </testcase> <!-- open -->
</testsuite> <!-- Test -->
